Build started 24/11/2018 08:34:34 م.
     1>Project "E:\Projects\Phase-2-ProjectForKids\Phase-2-OOP\PT-Project.vcxproj" on node 2 (Build target(s)).
     1>ClCompile:
         E:\new visual studio\VC\bin\CL.exe /c /ZI /nologo /W3 /WX- /Od /Oy- /D WIN32 /D _DEBUG /D _CONSOLE /D _VC80_UPGRADE=0x0600 /D _MBCS /Gm /EHsc /RTC1 /MTd /GS /fp:precise /Zc:wchar_t /Zc:forScope /Fo".\Debug/" /Fd".\Debug/vc110.pdb" /FR".\Debug\\" /Gd /TP /analyze- /errorReport:prompt CMUgraphicsLib\auxil.cpp CMUgraphicsLib\CMUgraphics.cpp CMUgraphicsLib\colors.cpp CMUgraphicsLib\image.cpp CMUgraphicsLib\keyqueue.cpp CMUgraphicsLib\mousequeue.cpp CMUgraphicsLib\windowinput.cpp Figures\CFigure.cpp Figures\CRectangle.cpp Actions\AddRectAction.cpp GUI\Input.cpp GUI\Output.cpp ApplicationManager.cpp main.cpp
         main.cpp
         ApplicationManager.cpp
         Output.cpp
         Input.cpp
         AddRectAction.cpp
         CRectangle.cpp
         CFigure.cpp
         windowinput.cpp
         mousequeue.cpp
         keyqueue.cpp
         image.cpp
     1>e:\projects\phase-2-projectforkids\phase-2-oop\cmugraphicslib\image.cpp(115): warning C4018: '<' : signed/unsigned mismatch
         colors.cpp
         CMUgraphics.cpp
     1>e:\projects\phase-2-projectforkids\phase-2-oop\cmugraphicslib\cmugraphics.cpp(257): warning C4101: 'iY' : unreferenced local variable
     1>e:\projects\phase-2-projectforkids\phase-2-oop\cmugraphicslib\cmugraphics.cpp(257): warning C4101: 'iX' : unreferenced local variable
     1>e:\projects\phase-2-projectforkids\phase-2-oop\cmugraphicslib\cmugraphics.cpp(751): warning C4996: 'strcpy': This function or variable may be unsafe. Consider using strcpy_s instead. To disable deprecation, use _CRT_SECURE_NO_WARNINGS. See online help for details.
                 e:\new visual studio\vc\include\string.h(110) : see declaration of 'strcpy'
     1>e:\projects\phase-2-projectforkids\phase-2-oop\cmugraphicslib\cmugraphics.cpp(1164): warning C4996: 'sprintf': This function or variable may be unsafe. Consider using sprintf_s instead. To disable deprecation, use _CRT_SECURE_NO_WARNINGS. See online help for details.
                 e:\new visual studio\vc\include\stdio.h(357) : see declaration of 'sprintf'
     1>e:\projects\phase-2-projectforkids\phase-2-oop\cmugraphicslib\cmugraphics.cpp(1171): warning C4996: 'sprintf': This function or variable may be unsafe. Consider using sprintf_s instead. To disable deprecation, use _CRT_SECURE_NO_WARNINGS. See online help for details.
                 e:\new visual studio\vc\include\stdio.h(357) : see declaration of 'sprintf'
     1>e:\projects\phase-2-projectforkids\phase-2-oop\cmugraphicslib\cmugraphics.cpp(1202): warning C4996: 'sprintf': This function or variable may be unsafe. Consider using sprintf_s instead. To disable deprecation, use _CRT_SECURE_NO_WARNINGS. See online help for details.
                 e:\new visual studio\vc\include\stdio.h(357) : see declaration of 'sprintf'
     1>e:\projects\phase-2-projectforkids\phase-2-oop\cmugraphicslib\cmugraphics.cpp(1210): warning C4996: 'sprintf': This function or variable may be unsafe. Consider using sprintf_s instead. To disable deprecation, use _CRT_SECURE_NO_WARNINGS. See online help for details.
                 e:\new visual studio\vc\include\stdio.h(357) : see declaration of 'sprintf'
     1>e:\projects\phase-2-projectforkids\phase-2-oop\cmugraphicslib\cmugraphics.cpp(1357): warning C4018: '>' : signed/unsigned mismatch
         auxil.cpp
         Generating Code...
         E:\new visual studio\VC\bin\CL.exe /c /ZI /nologo /W3 /WX- /Od /Oy- /D WIN32 /D _DEBUG /D _CONSOLE /D _VC80_UPGRADE=0x0600 /D _MBCS /Gm /EHsc /RTC1 /MTd /GS /fp:precise /Zc:wchar_t /Zc:forScope /Fo".\Debug/" /Fd".\Debug/vc110.pdb" /FR".\Debug\\" /Gd /TC /analyze- /errorReport:prompt CMUgraphicsLib\jpegload.c CMUgraphicsLib\jpeg\jcomapi.c CMUgraphicsLib\jpeg\jcparam.c CMUgraphicsLib\jpeg\jdapimin.c CMUgraphicsLib\jpeg\jdapistd.c CMUgraphicsLib\jpeg\jdatasrc.c CMUgraphicsLib\jpeg\jdcoefct.c CMUgraphicsLib\jpeg\jdcolor.c CMUgraphicsLib\jpeg\jddctmgr.c CMUgraphicsLib\jpeg\jdhuff.c CMUgraphicsLib\jpeg\jdinput.c CMUgraphicsLib\jpeg\jdmainct.c CMUgraphicsLib\jpeg\jdmarker.c CMUgraphicsLib\jpeg\jdmaster.c CMUgraphicsLib\jpeg\jdmerge.c CMUgraphicsLib\jpeg\jdphuff.c CMUgraphicsLib\jpeg\jdpostct.c CMUgraphicsLib\jpeg\jdsample.c CMUgraphicsLib\jpeg\jdtrans.c CMUgraphicsLib\jpeg\jerror.c CMUgraphicsLib\jpeg\jidctflt.c CMUgraphicsLib\jpeg\jidctfst.c CMUgraphicsLib\jpeg\jidctint.c CMUgraphicsLib\jpeg\jidctred.c CMUgraphicsLib\jpeg\jmemmgr.c CMUgraphicsLib\jpeg\jmemnobs.c CMUgraphicsLib\jpeg\jquant1.c CMUgraphicsLib\jpeg\jquant2.c CMUgraphicsLib\jpeg\jutils.c
         jutils.c
         jquant2.c
         jquant1.c
         jmemnobs.c
         jmemmgr.c
     1>e:\projects\phase-2-projectforkids\phase-2-oop\cmugraphicslib\jpeg\jmemmgr.c(1103): warning C4996: 'getenv': This function or variable may be unsafe. Consider using _dupenv_s instead. To disable deprecation, use _CRT_SECURE_NO_WARNINGS. See online help for details.
                 e:\new visual studio\vc\include\stdlib.h(449) : see declaration of 'getenv'
     1>e:\projects\phase-2-projectforkids\phase-2-oop\cmugraphicslib\jpeg\jmemmgr.c(1106): warning C4996: 'sscanf': This function or variable may be unsafe. Consider using sscanf_s instead. To disable deprecation, use _CRT_SECURE_NO_WARNINGS. See online help for details.
                 e:\new visual studio\vc\include\stdio.h(311) : see declaration of 'sscanf'
         jidctred.c
         jidctint.c
         jidctfst.c
         jidctflt.c
         jerror.c
     1>e:\projects\phase-2-projectforkids\phase-2-oop\cmugraphicslib\jpeg\jerror.c(169): warning C4996: 'sprintf': This function or variable may be unsafe. Consider using sprintf_s instead. To disable deprecation, use _CRT_SECURE_NO_WARNINGS. See online help for details.
                 e:\new visual studio\vc\include\stdio.h(357) : see declaration of 'sprintf'
     1>e:\projects\phase-2-projectforkids\phase-2-oop\cmugraphicslib\jpeg\jerror.c(175): warning C4996: 'sprintf': This function or variable may be unsafe. Consider using sprintf_s instead. To disable deprecation, use _CRT_SECURE_NO_WARNINGS. See online help for details.
                 e:\new visual studio\vc\include\stdio.h(357) : see declaration of 'sprintf'
         jdtrans.c
         jdsample.c
         jdpostct.c
         jdphuff.c
         jdmerge.c
         jdmaster.c
         jdmarker.c
         jdmainct.c
         jdinput.c
         jdhuff.c
         Generating Code...
         Compiling...
         jddctmgr.c
         jdcolor.c
         jdcoefct.c
         jdatasrc.c
         jdapistd.c
         jdapimin.c
         jcparam.c
         jcomapi.c
         jpegload.c
     1>e:\projects\phase-2-projectforkids\phase-2-oop\cmugraphicslib\jpegload.c(23): warning C4996: 'fopen': This function or variable may be unsafe. Consider using fopen_s instead. To disable deprecation, use _CRT_SECURE_NO_WARNINGS. See online help for details.
                 e:\new visual studio\vc\include\stdio.h(218) : see declaration of 'fopen'
         Generating Code...
       Link:
         E:\new visual studio\VC\bin\link.exe /ERRORREPORT:PROMPT /OUT:".\Debug/PT Project.exe" /INCREMENTAL /NOLOGO odbc32.lib odbccp32.lib winmm.lib kernel32.lib user32.lib gdi32.lib winspool.lib comdlg32.lib advapi32.lib shell32.lib ole32.lib oleaut32.lib uuid.lib odbc32.lib odbccp32.lib /MANIFEST /MANIFESTUAC:"level='asInvoker' uiAccess='false'" /manifest:embed /DEBUG /PDB:".\Debug/PT Project.pdb" /SUBSYSTEM:CONSOLE /TLBID:1 /DYNAMICBASE /NXCOMPAT /IMPLIB:".\Debug\PT Project.lib" /MACHINE:X86 /SAFESEH .\Debug/auxil.obj
         .\Debug/CMUgraphics.obj
         .\Debug/colors.obj
         .\Debug/image.obj
         .\Debug/jpegload.obj
         .\Debug/keyqueue.obj
         .\Debug/mousequeue.obj
         .\Debug/windowinput.obj
         .\Debug/jcomapi.obj
         .\Debug/jcparam.obj
         .\Debug/jdapimin.obj
         .\Debug/jdapistd.obj
         .\Debug/jdatasrc.obj
         .\Debug/jdcoefct.obj
         .\Debug/jdcolor.obj
         .\Debug/jddctmgr.obj
         .\Debug/jdhuff.obj
         .\Debug/jdinput.obj
         .\Debug/jdmainct.obj
         .\Debug/jdmarker.obj
         .\Debug/jdmaster.obj
         .\Debug/jdmerge.obj
         .\Debug/jdphuff.obj
         .\Debug/jdpostct.obj
         .\Debug/jdsample.obj
         .\Debug/jdtrans.obj
         .\Debug/jerror.obj
         .\Debug/jidctflt.obj
         .\Debug/jidctfst.obj
         .\Debug/jidctint.obj
         .\Debug/jidctred.obj
         .\Debug/jmemmgr.obj
         .\Debug/jmemnobs.obj
         .\Debug/jquant1.obj
         .\Debug/jquant2.obj
         .\Debug/jutils.obj
         .\Debug/CFigure.obj
         .\Debug/CRectangle.obj
         .\Debug/AddRectAction.obj
         .\Debug/Input.obj
         .\Debug/Output.obj
         .\Debug/ApplicationManager.obj
         .\Debug/main.obj
     1>auxil.obj : warning LNK4075: ignoring '/EDITANDCONTINUE' due to '/SAFESEH' specification
         PT-Project.vcxproj -> E:\Projects\Phase-2-ProjectForKids\Phase-2-OOP\.\Debug\PT Project.exe
       BscMake:
         E:\new visual studio\VC\bin\bscmake.exe /nologo /o".\Debug/PT Project.bsc" .\Debug\auxil.sbr .\Debug\CMUgraphics.sbr .\Debug\colors.sbr .\Debug\image.sbr .\Debug\jpegload.sbr .\Debug\keyqueue.sbr .\Debug\mousequeue.sbr .\Debug\windowinput.sbr .\Debug\jcomapi.sbr .\Debug\jcparam.sbr .\Debug\jdapimin.sbr .\Debug\jdapistd.sbr .\Debug\jdatasrc.sbr .\Debug\jdcoefct.sbr .\Debug\jdcolor.sbr .\Debug\jddctmgr.sbr .\Debug\jdhuff.sbr .\Debug\jdinput.sbr .\Debug\jdmainct.sbr .\Debug\jdmarker.sbr .\Debug\jdmaster.sbr .\Debug\jdmerge.sbr .\Debug\jdphuff.sbr .\Debug\jdpostct.sbr .\Debug\jdsample.sbr .\Debug\jdtrans.sbr .\Debug\jerror.sbr .\Debug\jidctflt.sbr .\Debug\jidctfst.sbr .\Debug\jidctint.sbr .\Debug\jidctred.sbr .\Debug\jmemmgr.sbr .\Debug\jmemnobs.sbr .\Debug\jquant1.sbr .\Debug\jquant2.sbr .\Debug\jutils.sbr .\Debug\CFigure.sbr .\Debug\CRectangle.sbr .\Debug\AddRectAction.sbr .\Debug\Input.sbr .\Debug\Output.sbr .\Debug\ApplicationManager.sbr .\Debug\main.sbr
     1>Done Building Project "E:\Projects\Phase-2-ProjectForKids\Phase-2-OOP\PT-Project.vcxproj" (Build target(s)).

Build succeeded.

Time Elapsed 00:00:15.94
